<?xml version="1.0" encoding="UTF-8"?>
<testng-results skipped="0" failed="0" total="1" passed="1">
  <reporter-output>
  </reporter-output>
  <suite name="Testing" duration-ms="16060" started-at="2017-06-02T08:48:13Z" finished-at="2017-06-02T08:48:29Z">
    <groups>
    </groups>
    <test name="Niki_App_Scenarios" duration-ms="16060" started-at="2017-06-02T08:48:13Z" finished-at="2017-06-02T08:48:29Z">
      <class name="com.niki.test.TestReferrelEarn">
        <test-method status="PASS" signature="setup(java.lang.String, java.lang.String, java.lang.String)[pri:0, instance:com.niki.test.TestReferrelEarn@13a57a3b]" name="setup" is-config="true" duration-ms="746" started-at="2017-06-02T14:18:13Z" finished-at="2017-06-02T14:18:14Z">
          <params>
            <param index="0">
              <value>
                <![CDATA[no]]>
              </value>
            </param>
            <param index="1">
              <value>
                <![CDATA[Moto]]>
              </value>
            </param>
            <param index="2">
              <value>
                <![CDATA[4723]]>
              </value>
            </param>
          </params>
          <reporter-output>
          </reporter-output>
        </test-method> <!-- setup -->
        <test-method status="PASS" signature="referralEarn(java.lang.String)[pri:0, instance:com.niki.test.TestReferrelEarn@13a57a3b]" name="referralEarn" duration-ms="13165" started-at="2017-06-02T14:18:15Z" data-provider="Login_Details" finished-at="2017-06-02T14:18:28Z">
          <params>
            <param index="0">
              <value>
                <![CDATA[9551945657]]>
              </value>
            </param>
          </params>
          <reporter-output>
          </reporter-output>
        </test-method> <!-- referralEarn -->
        <test-method status="PASS" signature="logout()[pri:0, instance:com.niki.test.TestReferrelEarn@13a57a3b]" name="logout" is-config="true" duration-ms="15" started-at="2017-06-02T14:18:28Z" finished-at="2017-06-02T14:18:28Z">
          <reporter-output>
          </reporter-output>
        </test-method> <!-- logout -->
        <test-method status="FAIL" signature="teardown()[pri:0, instance:com.niki.test.TestReferrelEarn@13a57a3b]" name="teardown" is-config="true" duration-ms="0" started-at="2017-06-02T14:18:28Z" finished-at="2017-06-02T14:18:28Z">
          <exception class="org.openqa.selenium.remote.SessionNotFoundException">
            <message>
              <![CDATA[Session ID is null. Using WebDriver after calling quit()?
Build info: version: '2.44.0', revision: '76d78cf323ce037c5f92db6c1bba601c2ac43ad8', time: '2014-10-23 13:11:40'
System info: host: 'BPA-CH-L048', ip: '192.168.254.23', os.name: 'Windows 7', os.arch: 'amd64', os.version: '6.1', java.version: '1.8.0_91'
Driver info: driver.version: AppiumDriver]]>
            </message>
            <full-stacktrace>
              <![CDATA[org.openqa.selenium.remote.SessionNotFoundException: Session ID is null. Using WebDriver after calling quit()?
Build info: version: '2.44.0', revision: '76d78cf323ce037c5f92db6c1bba601c2ac43ad8', time: '2014-10-23 13:11:40'
System info: host: 'BPA-CH-L048', ip: '192.168.254.23', os.name: 'Windows 7', os.arch: 'amd64', os.version: '6.1', java.version: '1.8.0_91'
Driver info: driver.version: AppiumDriver
	at org.openqa.selenium.remote.HttpCommandExecutor.execute(HttpCommandExecutor.java:158)
	at org.openqa.selenium.remote.RemoteWebDriver.execute(RemoteWebDriver.java:572)
	at io.appium.java_client.AppiumDriver.execute(AppiumDriver.java:180)
	at io.appium.java_client.AppiumDriver.execute(AppiumDriver.java:185)
	at io.appium.java_client.AppiumDriver.resetApp(AppiumDriver.java:198)
	at com.niki.test.TestReferrelEarn.teardown(TestReferrelEarn.java:122)
	at sun.reflect.NativeMethodAccessorImpl.invoke0(Native Method)
	at sun.reflect.NativeMethodAccessorImpl.invoke(NativeMethodAccessorImpl.java:62)
	at sun.reflect.DelegatingMethodAccessorImpl.invoke(DelegatingMethodAccessorImpl.java:43)
	at java.lang.reflect.Method.invoke(Method.java:498)
	at org.testng.internal.MethodInvocationHelper.invokeMethod(MethodInvocationHelper.java:85)
	at org.testng.internal.Invoker.invokeConfigurationMethod(Invoker.java:510)
	at org.testng.internal.Invoker.invokeConfigurations(Invoker.java:211)
	at org.testng.internal.Invoker.invokeConfigurations(Invoker.java:138)
	at org.testng.TestRunner.afterRun(TestRunner.java:1023)
	at org.testng.TestRunner.run(TestRunner.java:628)
	at org.testng.SuiteRunner.runTest(SuiteRunner.java:359)
	at org.testng.SuiteRunner.runSequentially(SuiteRunner.java:354)
	at org.testng.SuiteRunner.privateRun(SuiteRunner.java:312)
	at org.testng.SuiteRunner.run(SuiteRunner.java:261)
	at org.testng.SuiteRunnerWorker.runSuite(SuiteRunnerWorker.java:52)
	at org.testng.SuiteRunnerWorker.run(SuiteRunnerWorker.java:86)
	at org.testng.TestNG.runSuitesSequentially(TestNG.java:1215)
	at org.testng.TestNG.runSuitesLocally(TestNG.java:1140)
	at org.testng.TestNG.run(TestNG.java:1048)
	at org.apache.maven.surefire.testng.TestNGExecutor.run(TestNGExecutor.java:281)
	at org.apache.maven.surefire.testng.TestNGXmlTestSuite.execute(TestNGXmlTestSuite.java:75)
	at org.apache.maven.surefire.testng.TestNGProvider.invoke(TestNGProvider.java:121)
	at org.apache.maven.surefire.booter.ForkedBooter.invokeProviderInSameClassLoader(ForkedBooter.java:290)
	at org.apache.maven.surefire.booter.ForkedBooter.runSuitesInProcess(ForkedBooter.java:242)
	at org.apache.maven.surefire.booter.ForkedBooter.main(ForkedBooter.java:121)
]]>
            </full-stacktrace>
          </exception> <!-- org.openqa.selenium.remote.SessionNotFoundException -->
          <reporter-output>
          </reporter-output>
        </test-method> <!-- teardown -->
      </class> <!-- com.niki.test.TestReferrelEarn -->
    </test> <!-- Niki_App_Scenarios -->
  </suite> <!-- Testing -->
</testng-results>
